{"/Users/victor/Code/nftoken/program-tests/utils/IdlCoder.ts": {"path":"/Users/victor/Code/nftoken/program-tests/utils/IdlCoder.ts","statementMap":{"0":{"start":{"line":9,"column":0},"end":{"line":9,"column":34}},"1":{"start":{"line":14,"column":0},"end":{"line":14,"column":46}},"2":{"start":{"line":21,"column":0},"end":{"line":21,"column":49}},"3":{"start":{"line":29,"column":6},"end":{"line":29,"column":66}},"4":{"start":{"line":30,"column":4},"end":{"line":128,"column":null}},"5":{"start":{"line":32,"column":8},"end":{"line":32,"column":37}},"6":{"start":{"line":35,"column":8},"end":{"line":35,"column":35}},"7":{"start":{"line":38,"column":8},"end":{"line":38,"column":35}},"8":{"start":{"line":41,"column":8},"end":{"line":41,"column":36}},"9":{"start":{"line":44,"column":8},"end":{"line":44,"column":36}},"10":{"start":{"line":47,"column":8},"end":{"line":47,"column":36}},"11":{"start":{"line":50,"column":8},"end":{"line":50,"column":36}},"12":{"start":{"line":53,"column":8},"end":{"line":53,"column":36}},"13":{"start":{"line":56,"column":8},"end":{"line":56,"column":36}},"14":{"start":{"line":59,"column":8},"end":{"line":59,"column":36}},"15":{"start":{"line":62,"column":8},"end":{"line":62,"column":36}},"16":{"start":{"line":65,"column":8},"end":{"line":65,"column":37}},"17":{"start":{"line":68,"column":8},"end":{"line":68,"column":37}},"18":{"start":{"line":71,"column":8},"end":{"line":71,"column":38}},"19":{"start":{"line":74,"column":8},"end":{"line":74,"column":36}},"20":{"start":{"line":77,"column":8},"end":{"line":77,"column":42}},"21":{"start":{"line":80,"column":8},"end":{"line":126,"column":null}},"22":{"start":{"line":81,"column":10},"end":{"line":90,"column":12}},"23":{"start":{"line":91,"column":15},"end":{"line":126,"column":null}},"24":{"start":{"line":92,"column":10},"end":{"line":101,"column":12}},"25":{"start":{"line":102,"column":15},"end":{"line":126,"column":null}},"26":{"start":{"line":103,"column":26},"end":{"line":103,"column":44}},"27":{"start":{"line":105,"column":10},"end":{"line":107,"column":null}},"28":{"start":{"line":106,"column":12},"end":{"line":106,"column":66}},"29":{"start":{"line":108,"column":27},"end":{"line":108,"column":66}},"30":{"start":{"line":108,"column":47},"end":{"line":108,"column":65}},"31":{"start":{"line":109,"column":10},"end":{"line":111,"column":null}},"32":{"start":{"line":110,"column":12},"end":{"line":110,"column":75}},"33":{"start":{"line":112,"column":10},"end":{"line":112,"column":71}},"34":{"start":{"line":113,"column":15},"end":{"line":126,"column":null}},"35":{"start":{"line":114,"column":26},"end":{"line":114,"column":45}},"36":{"start":{"line":115,"column":27},"end":{"line":115,"column":46}},"37":{"start":{"line":116,"column":30},"end":{"line":121,"column":null}},"38":{"start":{"line":123,"column":10},"end":{"line":123,"column":63}},"39":{"start":{"line":125,"column":10},"end":{"line":125,"column":59}},"40":{"start":{"line":136,"column":4},"end":{"line":170,"column":null}},"41":{"start":{"line":137,"column":27},"end":{"line":140,"column":8}},"42":{"start":{"line":138,"column":18},"end":{"line":138,"column":52}},"43":{"start":{"line":139,"column":8},"end":{"line":139,"column":17}},"44":{"start":{"line":141,"column":6},"end":{"line":141,"column":46}},"45":{"start":{"line":142,"column":11},"end":{"line":170,"column":null}},"46":{"start":{"line":143,"column":23},"end":{"line":159,"column":8}},"47":{"start":{"line":144,"column":21},"end":{"line":144,"column":44}},"48":{"start":{"line":145,"column":8},"end":{"line":147,"column":null}},"49":{"start":{"line":146,"column":10},"end":{"line":146,"column":40}},"50":{"start":{"line":148,"column":29},"end":{"line":157,"column":10}},"51":{"start":{"line":149,"column":10},"end":{"line":151,"column":null}},"52":{"start":{"line":150,"column":12},"end":{"line":150,"column":72}},"53":{"start":{"line":156,"column":10},"end":{"line":156,"column":60}},"54":{"start":{"line":158,"column":8},"end":{"line":158,"column":48}},"55":{"start":{"line":161,"column":6},"end":{"line":165,"column":null}},"56":{"start":{"line":164,"column":8},"end":{"line":164,"column":56}},"57":{"start":{"line":167,"column":6},"end":{"line":167,"column":44}},"58":{"start":{"line":169,"column":6},"end":{"line":169,"column":55}},"59":{"start":{"line":23,"column":0},"end":{"line":23,"column":13}}},"fnMap":{"0":{"name":"(anonymous_7)","decl":{"start":{"line":24,"column":9},"end":{"line":24,"column":15}},"loc":{"start":{"line":26,"column":24},"end":{"line":129,"column":3}}},"1":{"name":"(anonymous_8)","decl":{"start":{"line":108,"column":40},"end":{"line":108,"column":41}},"loc":{"start":{"line":108,"column":47},"end":{"line":108,"column":65}}},"2":{"name":"(anonymous_9)","decl":{"start":{"line":131,"column":9},"end":{"line":131,"column":15}},"loc":{"start":{"line":134,"column":17},"end":{"line":171,"column":3}}},"3":{"name":"(anonymous_10)","decl":{"start":{"line":137,"column":51},"end":{"line":137,"column":52}},"loc":{"start":{"line":137,"column":61},"end":{"line":140,"column":7}}},"4":{"name":"(anonymous_11)","decl":{"start":{"line":143,"column":49},"end":{"line":143,"column":50}},"loc":{"start":{"line":143,"column":77},"end":{"line":159,"column":7}}},"5":{"name":"(anonymous_12)","decl":{"start":{"line":148,"column":48},"end":{"line":148,"column":49}},"loc":{"start":{"line":148,"column":74},"end":{"line":157,"column":9}}}},"branchMap":{"0":{"loc":{"start":{"line":29,"column":6},"end":{"line":29,"column":66}},"type":"cond-expr","locations":[{"start":{"line":29,"column":33},"end":{"line":29,"column":54}},{"start":{"line":29,"column":57},"end":{"line":29,"column":66}}]},"1":{"loc":{"start":{"line":30,"column":4},"end":{"line":128,"column":null}},"type":"switch","locations":[{"start":{"line":31,"column":6},"end":{"line":33,"column":null}},{"start":{"line":34,"column":6},"end":{"line":36,"column":null}},{"start":{"line":37,"column":6},"end":{"line":39,"column":null}},{"start":{"line":40,"column":6},"end":{"line":42,"column":null}},{"start":{"line":43,"column":6},"end":{"line":45,"column":null}},{"start":{"line":46,"column":6},"end":{"line":48,"column":null}},{"start":{"line":49,"column":6},"end":{"line":51,"column":null}},{"start":{"line":52,"column":6},"end":{"line":54,"column":null}},{"start":{"line":55,"column":6},"end":{"line":57,"column":null}},{"start":{"line":58,"column":6},"end":{"line":60,"column":null}},{"start":{"line":61,"column":6},"end":{"line":63,"column":null}},{"start":{"line":64,"column":6},"end":{"line":66,"column":null}},{"start":{"line":67,"column":6},"end":{"line":69,"column":null}},{"start":{"line":70,"column":6},"end":{"line":72,"column":null}},{"start":{"line":73,"column":6},"end":{"line":75,"column":null}},{"start":{"line":76,"column":6},"end":{"line":78,"column":null}},{"start":{"line":79,"column":6},"end":{"line":127,"column":null}}]},"2":{"loc":{"start":{"line":80,"column":8},"end":{"line":126,"column":null}},"type":"if","locations":[{"start":{"line":80,"column":8},"end":{"line":126,"column":null}},{"start":{"line":91,"column":15},"end":{"line":126,"column":null}}]},"3":{"loc":{"start":{"line":91,"column":15},"end":{"line":126,"column":null}},"type":"if","locations":[{"start":{"line":91,"column":15},"end":{"line":126,"column":null}},{"start":{"line":102,"column":15},"end":{"line":126,"column":null}}]},"4":{"loc":{"start":{"line":102,"column":15},"end":{"line":126,"column":null}},"type":"if","locations":[{"start":{"line":102,"column":15},"end":{"line":126,"column":null}},{"start":{"line":113,"column":15},"end":{"line":126,"column":null}}]},"5":{"loc":{"start":{"line":105,"column":10},"end":{"line":107,"column":null}},"type":"if","locations":[{"start":{"line":105,"column":10},"end":{"line":107,"column":null}}]},"6":{"loc":{"start":{"line":109,"column":10},"end":{"line":111,"column":null}},"type":"if","locations":[{"start":{"line":109,"column":10},"end":{"line":111,"column":null}}]},"7":{"loc":{"start":{"line":113,"column":15},"end":{"line":126,"column":null}},"type":"if","locations":[{"start":{"line":113,"column":15},"end":{"line":126,"column":null}},{"start":{"line":124,"column":15},"end":{"line":126,"column":null}}]},"8":{"loc":{"start":{"line":133,"column":4},"end":{"line":133,"column":28}},"type":"default-arg","locations":[{"start":{"line":133,"column":26},"end":{"line":133,"column":28}}]},"9":{"loc":{"start":{"line":136,"column":4},"end":{"line":170,"column":null}},"type":"if","locations":[{"start":{"line":136,"column":4},"end":{"line":170,"column":null}},{"start":{"line":142,"column":11},"end":{"line":170,"column":null}}]},"10":{"loc":{"start":{"line":142,"column":11},"end":{"line":170,"column":null}},"type":"if","locations":[{"start":{"line":142,"column":11},"end":{"line":170,"column":null}},{"start":{"line":168,"column":11},"end":{"line":170,"column":null}}]},"11":{"loc":{"start":{"line":145,"column":8},"end":{"line":147,"column":null}},"type":"if","locations":[{"start":{"line":145,"column":8},"end":{"line":147,"column":null}}]},"12":{"loc":{"start":{"line":149,"column":10},"end":{"line":151,"column":null}},"type":"if","locations":[{"start":{"line":149,"column":10},"end":{"line":151,"column":null}}]},"13":{"loc":{"start":{"line":161,"column":6},"end":{"line":165,"column":null}},"type":"if","locations":[{"start":{"line":161,"column":6},"end":{"line":165,"column":null}}]}},"s":{"0":3,"1":3,"2":3,"3":9,"4":9,"5":3,"6":3,"7":0,"8":0,"9":0,"10":0,"11":0,"12":0,"13":0,"14":0,"15":0,"16":0,"17":0,"18":0,"19":0,"20":0,"21":3,"22":0,"23":3,"24":0,"25":3,"26":0,"27":0,"28":0,"29":0,"30":0,"31":0,"32":0,"33":0,"34":3,"35":3,"36":3,"37":3,"38":3,"39":0,"40":3,"41":3,"42":6,"43":6,"44":3,"45":0,"46":0,"47":0,"48":0,"49":0,"50":0,"51":0,"52":0,"53":0,"54":0,"55":0,"56":0,"57":0,"58":0,"59":3},"f":{"0":9,"1":0,"2":3,"3":6,"4":0,"5":0},"b":{"0":[6,3],"1":[3,3,0,0,0,0,0,0,0,0,0,0,0,0,0,0,3],"2":[0,3],"3":[0,3],"4":[0,3],"5":[0],"6":[0],"7":[3,0],"8":[0],"9":[3,0],"10":[0,0],"11":[0],"12":[0],"13":[0]}}
,"/Users/victor/Code/nftoken/program-tests/utils/create-collection.ts": {"path":"/Users/victor/Code/nftoken/program-tests/utils/create-collection.ts","statementMap":{"0":{"start":{"line":1,"column":0},"end":{"line":1,"column":48}},"1":{"start":{"line":3,"column":0},"end":{"line":3,"column":68}},"2":{"start":{"line":5,"column":0},"end":{"line":5,"column":null}},"3":{"start":{"line":12,"column":32},"end":{"line":57,"column":1}},"4":{"start":{"line":24,"column":22},"end":{"line":26,"column":null}},"5":{"start":{"line":29,"column":29},"end":{"line":29,"column":47}},"6":{"start":{"line":31,"column":18},"end":{"line":31,"column":64}},"7":{"start":{"line":33,"column":20},"end":{"line":41,"column":10}},"8":{"start":{"line":43,"column":2},"end":{"line":43,"column":59}},"9":{"start":{"line":44,"column":2},"end":{"line":44,"column":78}},"10":{"start":{"line":46,"column":29},"end":{"line":47,"column":null}},"11":{"start":{"line":49,"column":2},"end":{"line":49,"column":36}},"12":{"start":{"line":51,"column":2},"end":{"line":56,"column":4}},"13":{"start":{"line":12,"column":13},"end":{"line":12,"column":32}}},"fnMap":{"0":{"name":"(anonymous_6)","decl":{"start":{"line":12,"column":32},"end":{"line":12,"column":37}},"loc":{"start":{"line":23,"column":5},"end":{"line":57,"column":1}}}},"branchMap":{"0":{"loc":{"start":{"line":25,"column":4},"end":{"line":25,"column":51}},"type":"binary-expr","locations":[{"start":{"line":25,"column":4},"end":{"line":25,"column":17}},{"start":{"line":25,"column":21},"end":{"line":25,"column":51}}]}},"s":{"0":4,"1":4,"2":4,"3":4,"4":5,"5":5,"6":5,"7":5,"8":5,"9":5,"10":5,"11":5,"12":5,"13":4},"f":{"0":5},"b":{"0":[5,5]}}
,"/Users/victor/Code/nftoken/program-tests/utils/create-nft.ts": {"path":"/Users/victor/Code/nftoken/program-tests/utils/create-nft.ts","statementMap":{"0":{"start":{"line":2,"column":0},"end":{"line":2,"column":48}},"1":{"start":{"line":4,"column":0},"end":{"line":4,"column":68}},"2":{"start":{"line":5,"column":0},"end":{"line":5,"column":null}},"3":{"start":{"line":12,"column":25},"end":{"line":64,"column":1}},"4":{"start":{"line":25,"column":23},"end":{"line":27,"column":null}},"5":{"start":{"line":30,"column":21},"end":{"line":30,"column":39}},"6":{"start":{"line":32,"column":18},"end":{"line":32,"column":64}},"7":{"start":{"line":34,"column":20},"end":{"line":50,"column":6}},"8":{"start":{"line":48,"column":6},"end":{"line":48,"column":28}},"9":{"start":{"line":49,"column":6},"end":{"line":49,"column":14}},"10":{"start":{"line":52,"column":2},"end":{"line":52,"column":37}},"11":{"start":{"line":54,"column":20},"end":{"line":55,"column":null}},"12":{"start":{"line":57,"column":2},"end":{"line":57,"column":20}},"13":{"start":{"line":59,"column":2},"end":{"line":63,"column":4}},"14":{"start":{"line":12,"column":13},"end":{"line":12,"column":25}}},"fnMap":{"0":{"name":"(anonymous_6)","decl":{"start":{"line":12,"column":25},"end":{"line":12,"column":30}},"loc":{"start":{"line":24,"column":5},"end":{"line":64,"column":1}}},"1":{"name":"(anonymous_7)","decl":{"start":{"line":47,"column":11},"end":{"line":47,"column":12}},"loc":{"start":{"line":47,"column":17},"end":{"line":50,"column":5}}}},"branchMap":{"0":{"loc":{"start":{"line":26,"column":4},"end":{"line":26,"column":51}},"type":"binary-expr","locations":[{"start":{"line":26,"column":4},"end":{"line":26,"column":17}},{"start":{"line":26,"column":21},"end":{"line":26,"column":51}}]},"1":{"loc":{"start":{"line":42,"column":14},"end":{"line":42,"column":31}},"type":"binary-expr","locations":[{"start":{"line":42,"column":14},"end":{"line":42,"column":20}},{"start":{"line":42,"column":24},"end":{"line":42,"column":31}}]}},"s":{"0":5,"1":5,"2":5,"3":5,"4":7,"5":7,"6":7,"7":7,"8":0,"9":0,"10":7,"11":7,"12":7,"13":7,"14":5},"f":{"0":7,"1":0},"b":{"0":[7,7],"1":[7,6]}}
,"/Users/victor/Code/nftoken/program-tests/utils/mintlist.ts": {"path":"/Users/victor/Code/nftoken/program-tests/utils/mintlist.ts","statementMap":{"0":{"start":{"line":1,"column":0},"end":{"line":1,"column":28}},"1":{"start":{"line":2,"column":0},"end":{"line":2,"column":48}},"2":{"start":{"line":3,"column":0},"end":{"line":3,"column":58}},"3":{"start":{"line":4,"column":0},"end":{"line":4,"column":74}},"4":{"start":{"line":5,"column":0},"end":{"line":5,"column":68}},"5":{"start":{"line":6,"column":0},"end":{"line":6,"column":68}},"6":{"start":{"line":7,"column":0},"end":{"line":7,"column":38}},"7":{"start":{"line":8,"column":0},"end":{"line":8,"column":52}},"8":{"start":{"line":11,"column":25},"end":{"line":13,"column":null}},"9":{"start":{"line":12,"column":27},"end":{"line":12,"column":51}},"10":{"start":{"line":33,"column":21},"end":{"line":33,"column":50}},"11":{"start":{"line":35,"column":26},"end":{"line":35,"column":49}},"12":{"start":{"line":36,"column":30},"end":{"line":36,"column":66}},"13":{"start":{"line":39,"column":4},"end":{"line":48,"column":6}},"14":{"start":{"line":50,"column":28},"end":{"line":50,"column":46}},"15":{"start":{"line":52,"column":2},"end":{"line":75,"column":7}},"16":{"start":{"line":73,"column":6},"end":{"line":73,"column":28}},"17":{"start":{"line":74,"column":6},"end":{"line":74,"column":14}},"18":{"start":{"line":77,"column":23},"end":{"line":78,"column":null}},"19":{"start":{"line":81,"column":2},"end":{"line":81,"column":70}},"20":{"start":{"line":18,"column":0},"end":{"line":18,"column":7}},"21":{"start":{"line":105,"column":26},"end":{"line":107,"column":45}},"22":{"start":{"line":107,"column":27},"end":{"line":107,"column":44}},"23":{"start":{"line":108,"column":2},"end":{"line":111,"column":4}},"24":{"start":{"line":113,"column":23},"end":{"line":115,"column":null}},"25":{"start":{"line":120,"column":31},"end":{"line":120,"column":56}},"26":{"start":{"line":121,"column":26},"end":{"line":121,"column":69}},"27":{"start":{"line":123,"column":20},"end":{"line":134,"column":5}},"28":{"start":{"line":126,"column":20},"end":{"line":126,"column":45}},"29":{"start":{"line":127,"column":6},"end":{"line":129,"column":8}},"30":{"start":{"line":131,"column":38},"end":{"line":134,"column":4}},"31":{"start":{"line":136,"column":2},"end":{"line":136,"column":37}},"32":{"start":{"line":138,"column":2},"end":{"line":138,"column":22}},"33":{"start":{"line":98,"column":0},"end":{"line":98,"column":7}},"34":{"start":{"line":142,"column":2},"end":{"line":158,"column":4}},"35":{"start":{"line":141,"column":0},"end":{"line":141,"column":16}},"36":{"start":{"line":163,"column":29},"end":{"line":163,"column":31}},"37":{"start":{"line":178,"column":30},"end":{"line":185,"column":4}},"38":{"start":{"line":187,"column":20},"end":{"line":189,"column":4}},"39":{"start":{"line":188,"column":4},"end":{"line":188,"column":32}},"40":{"start":{"line":191,"column":21},"end":{"line":191,"column":50}},"41":{"start":{"line":193,"column":2},"end":{"line":199,"column":11}},"42":{"start":{"line":201,"column":23},"end":{"line":204,"column":4}},"43":{"start":{"line":205,"column":2},"end":{"line":205,"column":59}},"44":{"start":{"line":165,"column":0},"end":{"line":165,"column":7}}},"fnMap":{"0":{"name":"(anonymous_7)","decl":{"start":{"line":12,"column":17},"end":{"line":12,"column":18}},"loc":{"start":{"line":12,"column":27},"end":{"line":12,"column":51}}},"1":{"name":"createEmptyMintlist","decl":{"start":{"line":18,"column":22},"end":{"line":18,"column":41}},"loc":{"start":{"line":32,"column":1},"end":{"line":82,"column":1}}},"2":{"name":"(anonymous_9)","decl":{"start":{"line":72,"column":11},"end":{"line":72,"column":12}},"loc":{"start":{"line":72,"column":17},"end":{"line":75,"column":5}}},"3":{"name":"getMintlistData","decl":{"start":{"line":98,"column":22},"end":{"line":98,"column":37}},"loc":{"start":{"line":104,"column":1},"end":{"line":139,"column":1}}},"4":{"name":"(anonymous_11)","decl":{"start":{"line":107,"column":10},"end":{"line":107,"column":11}},"loc":{"start":{"line":107,"column":27},"end":{"line":107,"column":44}}},"5":{"name":"(anonymous_12)","decl":{"start":{"line":125,"column":4},"end":{"line":125,"column":5}},"loc":{"start":{"line":125,"column":13},"end":{"line":130,"column":5}}},"6":{"name":"(anonymous_13)","decl":{"start":{"line":131,"column":8},"end":{"line":131,"column":9}},"loc":{"start":{"line":131,"column":38},"end":{"line":134,"column":4}}},"7":{"name":"getMintlistAccountSize","decl":{"start":{"line":141,"column":16},"end":{"line":141,"column":38}},"loc":{"start":{"line":141,"column":59},"end":{"line":159,"column":1}}},"8":{"name":"createMintlistWithInfos","decl":{"start":{"line":165,"column":22},"end":{"line":165,"column":45}},"loc":{"start":{"line":177,"column":1},"end":{"line":206,"column":1}}},"9":{"name":"(anonymous_16)","decl":{"start":{"line":187,"column":65},"end":{"line":187,"column":66}},"loc":{"start":{"line":187,"column":74},"end":{"line":189,"column":3}}}},"branchMap":{"0":{"loc":{"start":{"line":24,"column":2},"end":{"line":24,"column":29}},"type":"default-arg","locations":[{"start":{"line":24,"column":17},"end":{"line":24,"column":29}}]}},"s":{"0":3,"1":3,"2":3,"3":3,"4":3,"5":3,"6":3,"7":3,"8":3,"9":3,"10":6,"11":6,"12":6,"13":6,"14":6,"15":6,"16":0,"17":0,"18":6,"19":6,"20":3,"21":9,"22":9,"23":9,"24":9,"25":9,"26":9,"27":9,"28":111,"29":111,"30":111,"31":9,"32":9,"33":3,"34":15,"35":3,"36":3,"37":1,"38":1,"39":10,"40":1,"41":1,"42":1,"43":1,"44":3},"f":{"0":3,"1":6,"2":0,"3":9,"4":9,"5":111,"6":111,"7":15,"8":1,"9":10},"b":{"0":[5]}}
,"/Users/victor/Code/nftoken/program-tests/utils/test-utils.ts": {"path":"/Users/victor/Code/nftoken/program-tests/utils/test-utils.ts","statementMap":{"0":{"start":{"line":2,"column":0},"end":{"line":2,"column":32}},"1":{"start":{"line":4,"column":13},"end":{"line":4,"column":69}},"2":{"start":{"line":8,"column":13},"end":{"line":8,"column":41}},"3":{"start":{"line":9,"column":13},"end":{"line":9,"column":41}},"4":{"start":{"line":12,"column":2},"end":{"line":12,"column":41}},"5":{"start":{"line":12,"column":38},"end":{"line":12,"column":39}},"6":{"start":{"line":11,"column":0},"end":{"line":11,"column":16}},"7":{"start":{"line":15,"column":24},"end":{"line":19,"column":1}},"8":{"start":{"line":16,"column":15},"end":{"line":16,"column":35}},"9":{"start":{"line":17,"column":2},"end":{"line":17,"column":21}},"10":{"start":{"line":18,"column":2},"end":{"line":18,"column":26}},"11":{"start":{"line":15,"column":13},"end":{"line":15,"column":24}},"12":{"start":{"line":21,"column":42},"end":{"line":31,"column":1}},"13":{"start":{"line":25,"column":15},"end":{"line":25,"column":17}},"14":{"start":{"line":26,"column":27},"end":{"line":26,"column":44}},"15":{"start":{"line":27,"column":2},"end":{"line":29,"column":null}},"16":{"start":{"line":27,"column":15},"end":{"line":27,"column":16}},"17":{"start":{"line":28,"column":4},"end":{"line":28,"column":78}},"18":{"start":{"line":30,"column":2},"end":{"line":30,"column":16}},"19":{"start":{"line":21,"column":13},"end":{"line":21,"column":42}},"20":{"start":{"line":51,"column":26},"end":{"line":55,"column":1}},"21":{"start":{"line":52,"column":17},"end":{"line":52,"column":33}},"22":{"start":{"line":53,"column":14},"end":{"line":53,"column":38}},"23":{"start":{"line":54,"column":2},"end":{"line":54,"column":32}},"24":{"start":{"line":51,"column":13},"end":{"line":51,"column":26}},"25":{"start":{"line":57,"column":22},"end":{"line":74,"column":1}},"26":{"start":{"line":58,"column":2},"end":{"line":73,"column":4}},"27":{"start":{"line":57,"column":13},"end":{"line":57,"column":22}},"28":{"start":{"line":76,"column":29},"end":{"line":88,"column":1}},"29":{"start":{"line":77,"column":2},"end":{"line":87,"column":4}},"30":{"start":{"line":76,"column":13},"end":{"line":76,"column":29}}},"fnMap":{"0":{"name":"nullArray","decl":{"start":{"line":11,"column":16},"end":{"line":11,"column":25}},"loc":{"start":{"line":11,"column":40},"end":{"line":13,"column":1}}},"1":{"name":"(anonymous_1)","decl":{"start":{"line":12,"column":32},"end":{"line":12,"column":35}},"loc":{"start":{"line":12,"column":38},"end":{"line":12,"column":39}}},"2":{"name":"(anonymous_2)","decl":{"start":{"line":15,"column":24},"end":{"line":15,"column":25}},"loc":{"start":{"line":15,"column":71},"end":{"line":19,"column":1}}},"3":{"name":"(anonymous_3)","decl":{"start":{"line":21,"column":42},"end":{"line":21,"column":null}},"loc":{"start":{"line":24,"column":12},"end":{"line":31,"column":1}}},"4":{"name":"(anonymous_4)","decl":{"start":{"line":51,"column":26},"end":{"line":51,"column":27}},"loc":{"start":{"line":51,"column":57},"end":{"line":55,"column":1}}},"5":{"name":"(anonymous_5)","decl":{"start":{"line":57,"column":22},"end":{"line":57,"column":23}},"loc":{"start":{"line":57,"column":49},"end":{"line":74,"column":1}}},"6":{"name":"(anonymous_6)","decl":{"start":{"line":76,"column":29},"end":{"line":76,"column":30}},"loc":{"start":{"line":76,"column":57},"end":{"line":88,"column":1}}}},"branchMap":{"0":{"loc":{"start":{"line":23,"column":2},"end":{"line":23,"column":61}},"type":"default-arg","locations":[{"start":{"line":23,"column":23},"end":{"line":23,"column":61}}]},"1":{"loc":{"start":{"line":60,"column":4},"end":{"line":71,"column":null}},"type":"binary-expr","locations":[{"start":{"line":60,"column":4},"end":{"line":60,"column":7}},{"start":{"line":61,"column":6},"end":{"line":71,"column":null}}]},"2":{"loc":{"start":{"line":64,"column":19},"end":{"line":64,"column":50}},"type":"binary-expr","locations":[{"start":{"line":64,"column":19},"end":{"line":64,"column":42}},{"start":{"line":64,"column":46},"end":{"line":64,"column":50}}]},"3":{"loc":{"start":{"line":65,"column":20},"end":{"line":65,"column":52}},"type":"binary-expr","locations":[{"start":{"line":65,"column":20},"end":{"line":65,"column":44}},{"start":{"line":65,"column":48},"end":{"line":65,"column":52}}]},"4":{"loc":{"start":{"line":67,"column":22},"end":{"line":67,"column":56}},"type":"binary-expr","locations":[{"start":{"line":67,"column":22},"end":{"line":67,"column":48}},{"start":{"line":67,"column":52},"end":{"line":67,"column":56}}]}},"s":{"0":10,"1":10,"2":10,"3":10,"4":20,"5":960,"6":10,"7":10,"8":101,"9":101,"10":101,"11":10,"12":10,"13":83,"14":83,"15":83,"16":83,"17":1328,"18":83,"19":10,"20":10,"21":216,"22":216,"23":216,"24":10,"25":10,"26":10,"27":10,"28":10,"29":5,"30":10},"f":{"0":20,"1":960,"2":101,"3":83,"4":216,"5":10,"6":5},"b":{"0":[83],"1":[10,10],"2":[10,0],"3":[10,0],"4":[10,0]}}
}
